The system is: Windows - 10.0.18358 - AMD64
Compiling the C compiler identification source file "CMakeCCompilerId.c" succeeded.
Compiler: C:/Program Files (x86)/Microsoft Visual Studio/2017/Community/VC/Tools/MSVC/14.16.27023/bin/Hostx86/x86/cl.exe 
Build flags: 
Id flags:  

The output was:
0
ÓÃÓÚ x86 µÄ Microsoft (R) C/C++ ÓÅ»¯±àÒëÆ÷ 19.16.27027.1 °æ
°æÈ¨ËùÓÐ(C) Microsoft Corporation¡£±£ÁôËùÓÐÈ¨Àû¡£

CMakeCCompilerId.c
Microsoft (R) Incremental Linker Version 14.16.27027.1
Copyright (C) Microsoft Corporation.  All rights reserved.

/out:CMakeCCompilerId.exe 
CMakeCCompilerId.obj 


Compilation of the C compiler identification source "CMakeCCompilerId.c" produced "CMakeCCompilerId.exe"

Compilation of the C compiler identification source "CMakeCCompilerId.c" produced "CMakeCCompilerId.obj"

The C compiler identification is MSVC, found in "D:/Documents/CPPä½œä¸š/MyCPPExperiment/ä¸Šæœºå®žéªŒ/2018-2019-2 å®žéªŒ/å®žéªŒ2 çŽ‹ç¨‹é£ž 201806061219/cmake-build-debug/CMakeFiles/3.13.2/CompilerIdC/CMakeCCompilerId.exe"

Compiling the CXX compiler identification source file "CMakeCXXCompilerId.cpp" succeeded.
Compiler: C:/Program Files (x86)/Microsoft Visual Studio/2017/Community/VC/Tools/MSVC/14.16.27023/bin/Hostx86/x86/cl.exe 
Build flags: 
Id flags:  

The output was:
0
ÓÃÓÚ x86 µÄ Microsoft (R) C/C++ ÓÅ»¯±àÒëÆ÷ 19.16.27027.1 °æ
°æÈ¨ËùÓÐ(C) Microsoft Corporation¡£±£ÁôËùÓÐÈ¨Àû¡£

CMakeCXXCompilerId.cpp
Microsoft (R) Incremental Linker Version 14.16.27027.1
Copyright (C) Microsoft Corporation.  All rights reserved.

/out:CMakeCXXCompilerId.exe 
CMakeCXXCompilerId.obj 


Compilation of the CXX compiler identification source "CMakeCXXCompilerId.cpp" produced "CMakeCXXCompilerId.exe"

Compilation of the CXX compiler identification source "CMakeCXXCompilerId.cpp" produced "CMakeCXXCompilerId.obj"

The CXX compiler identification is MSVC, found in "D:/Documents/CPPä½œä¸š/MyCPPExperiment/ä¸Šæœºå®žéªŒ/2018-2019-2 å®žéªŒ/å®žéªŒ2 çŽ‹ç¨‹é£ž 201806061219/cmake-build-debug/CMakeFiles/3.13.2/CompilerIdCXX/CMakeCXXCompilerId.exe"

